<?xml version="1.0" encoding="UTF-8"?>
<!-- Generated by org.testng.reporters.JUnitReportReporter -->
<testsuite hostname="soprano.ee.ryerson.ca" name="test.Q7" tests="4" failures="0" timestamp="11 Mar 2024 14:10:10 GMT" time="10.886" errors="0">
  <testcase name="peformSeachAndClick1stLink" time="5.615" classname="test.Q7"/>
  <testcase name="launchLinkedin" time="1.036" classname="test.Q7"/>
  <testcase name="LinkedinLoginVerification" time="0.005" classname="test.Q7"/>
  <testcase name="openBrowser" time="4.230" classname="test.Q7"/>
</testsuite> <!-- test.Q7 -->
