<?xml version="1.0" encoding="UTF-8"?>
<!-- Generated by org.testng.reporters.JUnitReportReporter -->
<testsuite hostname="soprano.ee.ryerson.ca" name="test.TestNG_Priority_Annotations" tests="5" failures="0" timestamp="11 Mar 2024 14:30:25 GMT" time="0.009" errors="0">
  <testcase name="e_method" time="0.000" classname="test.TestNG_Priority_Annotations"/>
  <testcase name="c_method" time="0.000" classname="test.TestNG_Priority_Annotations"/>
  <testcase name="d_method" time="0.001" classname="test.TestNG_Priority_Annotations"/>
  <testcase name="b_method" time="0.007" classname="test.TestNG_Priority_Annotations"/>
  <testcase name="a_method" time="0.001" classname="test.TestNG_Priority_Annotations"/>
</testsuite> <!-- test.TestNG_Priority_Annotations -->
