<?xml version="1.0" encoding="UTF-8"?>
<!-- Generated by org.testng.reporters.JUnitReportReporter -->
<testsuite hostname="soprano.ee.ryerson.ca" name="test.Q5_Part2" tests="1" failures="0" timestamp="11 Mar 2024 14:09:08 GMT" time="2.670" errors="0">
  <testcase name="peformSeachAndClick1stLink" time="2.670" classname="test.Q5_Part2"/>
</testsuite> <!-- test.Q5_Part2 -->
