<?xml version="1.0" encoding="UTF-8"?>
<!-- Generated by org.testng.reporters.JUnitReportReporter -->
<testsuite hostname="soprano.ee.ryerson.ca" name="test.Q2" tests="1" failures="0" timestamp="11 Mar 2024 14:07:23 GMT" time="11.757" errors="0">
  <testcase name="verifyHomepageTitle" time="11.757" classname="test.Q2"/>
</testsuite> <!-- test.Q2 -->
