<?xml version="1.0" encoding="UTF-8"?>
<!-- Generated by org.testng.reporters.JUnitReportReporter -->
<testsuite hostname="soprano.ee.ryerson.ca" name="test.Q6" tests="3" failures="0" timestamp="11 Mar 2024 14:09:49 GMT" time="27.481" errors="0">
  <testcase name="executSessionThree" time="8.915" classname="test.Q6"/>
  <testcase name="executSessionOne" time="9.012" classname="test.Q6"/>
  <testcase name="executSessionTwo" time="9.554" classname="test.Q6"/>
</testsuite> <!-- test.Q6 -->
