<?xml version="1.0" encoding="UTF-8"?>
<!-- Generated by org.testng.reporters.JUnitReportReporter -->
<testsuite hostname="soprano.ee.ryerson.ca" name="test.Q5_Part1" tests="5" failures="0" timestamp="11 Mar 2024 14:31:30 GMT" time="9.691" errors="0">
  <testcase name="FaceBookPageTitleVerification" time="0.006" classname="test.Q5_Part1"/>
  <testcase name="launchGoogle" time="1.760" classname="test.Q5_Part1"/>
  <testcase name="driverexit" time="1.552" classname="test.Q5_Part1"/>
  <testcase name="peformSeachAndClick1stLink" time="2.105" classname="test.Q5_Part1"/>
  <testcase name="openBrowser" time="4.268" classname="test.Q5_Part1"/>
</testsuite> <!-- test.Q5_Part1 -->
