<?xml version="1.0" encoding="UTF-8"?>
<!-- Generated by org.testng.reporters.JUnitReportReporter -->
<testsuite hostname="cmp44.ee.ryerson.ca" name="test.Q5" tests="5" failures="0" timestamp="4 Mar 2024 05:29:52 GMT" time="9.306" errors="0">
  <testcase name="launchGoogle" time="1.948" classname="test.Q5"/>
  <testcase name="peformSeachAndClick1stLink" time="1.134" classname="test.Q5"/>
  <testcase name="openBrowser" time="4.475" classname="test.Q5"/>
  <testcase name="driverexit" time="1.745" classname="test.Q5"/>
  <testcase name="FaceBookPageTitleVerification" time="0.004" classname="test.Q5"/>
</testsuite> <!-- test.Q5 -->
